{"/Users/julianaleon/Desktop/DropFilesApp/playwright.config.ts": {"path":"/Users/julianaleon/Desktop/DropFilesApp/playwright.config.ts","all":true,"statementMap":{"0":{"start":{"line":1,"column":0},"end":{"line":1,"column":48}},"2":{"start":{"line":3,"column":0},"end":{"line":3,"column":29}},"3":{"start":{"line":4,"column":0},"end":{"line":4,"column":13}},"4":{"start":{"line":5,"column":0},"end":{"line":5,"column":46}},"5":{"start":{"line":6,"column":0},"end":{"line":6,"column":12}},"6":{"start":{"line":7,"column":0},"end":{"line":7,"column":3}},"8":{"start":{"line":9,"column":0},"end":{"line":9,"column":15}},"9":{"start":{"line":10,"column":0},"end":{"line":10,"column":3}}},"s":{"0":0,"2":0,"3":0,"4":0,"5":0,"6":0,"8":0,"9":0},"branchMap":{"0":{"type":"branch","line":1,"loc":{"start":{"line":1,"column":0},"end":{"line":10,"column":-97}},"locations":[{"start":{"line":1,"column":0},"end":{"line":10,"column":-97}}]}},"b":{"0":[0]},"fnMap":{"0":{"name":"(empty-report)","decl":{"start":{"line":1,"column":0},"end":{"line":10,"column":-97}},"loc":{"start":{"line":1,"column":0},"end":{"line":10,"column":-97}},"line":1}},"f":{"0":0}}
,"/Users/julianaleon/Desktop/DropFilesApp/postcss.config.js": {"path":"/Users/julianaleon/Desktop/DropFilesApp/postcss.config.js","all":true,"statementMap":{"0":{"start":{"line":1,"column":0},"end":{"line":1,"column":16}},"1":{"start":{"line":2,"column":0},"end":{"line":2,"column":11}},"2":{"start":{"line":3,"column":0},"end":{"line":3,"column":18}},"3":{"start":{"line":4,"column":0},"end":{"line":4,"column":18}},"4":{"start":{"line":5,"column":0},"end":{"line":5,"column":2}},"5":{"start":{"line":6,"column":0},"end":{"line":6,"column":2}}},"s":{"0":0,"1":0,"2":0,"3":0,"4":0,"5":0},"branchMap":{"0":{"type":"branch","line":1,"loc":{"start":{"line":1,"column":0},"end":{"line":6,"column":-8}},"locations":[{"start":{"line":1,"column":0},"end":{"line":6,"column":-8}}]}},"b":{"0":[0]},"fnMap":{"0":{"name":"(empty-report)","decl":{"start":{"line":1,"column":0},"end":{"line":6,"column":-8}},"loc":{"start":{"line":1,"column":0},"end":{"line":6,"column":-8}},"line":1}},"f":{"0":0}}
,"/Users/julianaleon/Desktop/DropFilesApp/svelte.config.js": {"path":"/Users/julianaleon/Desktop/DropFilesApp/svelte.config.js","all":true,"statementMap":{"0":{"start":{"line":1,"column":0},"end":{"line":1,"column":45}},"1":{"start":{"line":2,"column":0},"end":{"line":2,"column":62}},"2":{"start":{"line":3,"column":0},"end":{"line":3,"column":0}},"3":{"start":{"line":4,"column":0},"end":{"line":4,"column":45}},"4":{"start":{"line":5,"column":0},"end":{"line":5,"column":16}},"5":{"start":{"line":6,"column":0},"end":{"line":6,"column":66}},"6":{"start":{"line":7,"column":0},"end":{"line":7,"column":44}},"7":{"start":{"line":8,"column":0},"end":{"line":8,"column":30}},"8":{"start":{"line":9,"column":0},"end":{"line":9,"column":0}},"9":{"start":{"line":10,"column":0},"end":{"line":10,"column":7}},"10":{"start":{"line":11,"column":0},"end":{"line":11,"column":107}},"11":{"start":{"line":12,"column":0},"end":{"line":12,"column":108}},"12":{"start":{"line":13,"column":0},"end":{"line":13,"column":82}},"13":{"start":{"line":14,"column":0},"end":{"line":14,"column":20}},"14":{"start":{"line":15,"column":0},"end":{"line":15,"column":2}},"15":{"start":{"line":16,"column":0},"end":{"line":16,"column":2}},"16":{"start":{"line":17,"column":0},"end":{"line":17,"column":0}},"17":{"start":{"line":18,"column":0},"end":{"line":18,"column":22}}},"s":{"0":0,"1":0,"2":0,"3":0,"4":0,"5":0,"6":0,"7":0,"8":0,"9":0,"10":0,"11":0,"12":0,"13":0,"14":0,"15":0,"16":0,"17":0},"branchMap":{"0":{"type":"branch","line":1,"loc":{"start":{"line":1,"column":0},"end":{"line":18,"column":-129}},"locations":[{"start":{"line":1,"column":0},"end":{"line":18,"column":-129}}]}},"b":{"0":[0]},"fnMap":{"0":{"name":"(empty-report)","decl":{"start":{"line":1,"column":0},"end":{"line":18,"column":-129}},"loc":{"start":{"line":1,"column":0},"end":{"line":18,"column":-129}},"line":1}},"f":{"0":0}}
,"/Users/julianaleon/Desktop/DropFilesApp/tailwind.config.js": {"path":"/Users/julianaleon/Desktop/DropFilesApp/tailwind.config.js","all":true,"statementMap":{"0":{"start":{"line":1,"column":0},"end":{"line":1,"column":43}},"1":{"start":{"line":2,"column":0},"end":{"line":2,"column":16}},"2":{"start":{"line":3,"column":0},"end":{"line":3,"column":45}},"3":{"start":{"line":4,"column":0},"end":{"line":4,"column":9}},"4":{"start":{"line":5,"column":0},"end":{"line":5,"column":12}},"5":{"start":{"line":6,"column":0},"end":{"line":6,"column":3}},"6":{"start":{"line":7,"column":0},"end":{"line":7,"column":12}},"7":{"start":{"line":8,"column":0},"end":{"line":8,"column":2}}},"s":{"0":0,"1":0,"2":0,"3":0,"4":0,"5":0,"6":0,"7":0},"branchMap":{"0":{"type":"branch","line":1,"loc":{"start":{"line":1,"column":0},"end":{"line":8,"column":-5}},"locations":[{"start":{"line":1,"column":0},"end":{"line":8,"column":-5}}]}},"b":{"0":[0]},"fnMap":{"0":{"name":"(empty-report)","decl":{"start":{"line":1,"column":0},"end":{"line":8,"column":-5}},"loc":{"start":{"line":1,"column":0},"end":{"line":8,"column":-5}},"line":1}},"f":{"0":0}}
,"/Users/julianaleon/Desktop/DropFilesApp/tailwind.config.ts": {"path":"/Users/julianaleon/Desktop/DropFilesApp/tailwind.config.ts","all":true,"statementMap":{"0":{"start":{"line":1,"column":0},"end":{"line":1,"column":52}},"1":{"start":{"line":2,"column":0},"end":{"line":2,"column":62}},"2":{"start":{"line":3,"column":0},"end":{"line":3,"column":39}},"3":{"start":{"line":4,"column":0},"end":{"line":4,"column":49}},"6":{"start":{"line":7,"column":0},"end":{"line":7,"column":16}},"7":{"start":{"line":8,"column":0},"end":{"line":8,"column":45}},"9":{"start":{"line":10,"column":0},"end":{"line":10,"column":9}},"10":{"start":{"line":11,"column":0},"end":{"line":11,"column":12}},"11":{"start":{"line":12,"column":0},"end":{"line":12,"column":3}},"13":{"start":{"line":14,"column":0},"end":{"line":14,"column":60}},"14":{"start":{"line":15,"column":0},"end":{"line":15,"column":12}}},"s":{"0":0,"1":0,"2":0,"3":0,"6":0,"7":0,"9":0,"10":0,"11":0,"13":0,"14":0},"branchMap":{"0":{"type":"branch","line":1,"loc":{"start":{"line":1,"column":415},"end":{"line":15,"column":12}},"locations":[{"start":{"line":1,"column":415},"end":{"line":15,"column":12}}]}},"b":{"0":[0]},"fnMap":{"0":{"name":"(empty-report)","decl":{"start":{"line":1,"column":415},"end":{"line":15,"column":12}},"loc":{"start":{"line":1,"column":415},"end":{"line":15,"column":12}},"line":1}},"f":{"0":0}}
,"/Users/julianaleon/Desktop/DropFilesApp/src/lib/index.ts": {"path":"/Users/julianaleon/Desktop/DropFilesApp/src/lib/index.ts","all":true,"statementMap":{},"s":{},"branchMap":{"0":{"type":"branch","line":1,"loc":{"start":{"line":1,"column":38},"end":{"line":1,"column":38}},"locations":[{"start":{"line":1,"column":38},"end":{"line":1,"column":38}}]}},"b":{"0":[1]},"fnMap":{"0":{"name":"(empty-report)","decl":{"start":{"line":1,"column":38},"end":{"line":1,"column":38}},"loc":{"start":{"line":1,"column":38},"end":{"line":1,"column":38}},"line":1}},"f":{"0":1}}
,"/Users/julianaleon/Desktop/DropFilesApp/src/lib/components/FileList.svelte": {"path":"/Users/julianaleon/Desktop/DropFilesApp/src/lib/components/FileList.svelte","all":false,"statementMap":{"0":{"start":{"line":1,"column":0},"end":{"line":1,"column":18}},"9":{"start":{"line":10,"column":0},"end":{"line":10,"column":35}},"10":{"start":{"line":11,"column":0},"end":{"line":11,"column":42}},"11":{"start":{"line":12,"column":0},"end":{"line":12,"column":23}},"12":{"start":{"line":13,"column":0},"end":{"line":13,"column":23}},"13":{"start":{"line":14,"column":0},"end":{"line":14,"column":48}},"15":{"start":{"line":16,"column":0},"end":{"line":16,"column":42}},"18":{"start":{"line":19,"column":0},"end":{"line":19,"column":45}},"19":{"start":{"line":20,"column":0},"end":{"line":20,"column":22}},"23":{"start":{"line":24,"column":0},"end":{"line":24,"column":24}},"24":{"start":{"line":25,"column":0},"end":{"line":25,"column":72}},"25":{"start":{"line":26,"column":0},"end":{"line":26,"column":23}},"27":{"start":{"line":28,"column":0},"end":{"line":28,"column":51}},"28":{"start":{"line":29,"column":0},"end":{"line":29,"column":26}},"29":{"start":{"line":30,"column":0},"end":{"line":30,"column":20}},"33":{"start":{"line":34,"column":0},"end":{"line":34,"column":61}},"34":{"start":{"line":35,"column":0},"end":{"line":35,"column":93}},"38":{"start":{"line":39,"column":0},"end":{"line":39,"column":38}},"39":{"start":{"line":40,"column":0},"end":{"line":40,"column":42}},"40":{"start":{"line":41,"column":0},"end":{"line":41,"column":83}},"43":{"start":{"line":44,"column":0},"end":{"line":44,"column":61}},"44":{"start":{"line":45,"column":0},"end":{"line":45,"column":24}},"45":{"start":{"line":46,"column":0},"end":{"line":46,"column":19}},"48":{"start":{"line":49,"column":0},"end":{"line":49,"column":20}},"49":{"start":{"line":50,"column":0},"end":{"line":50,"column":21}},"50":{"start":{"line":51,"column":0},"end":{"line":51,"column":11}},"56":{"start":{"line":57,"column":0},"end":{"line":57,"column":72}},"59":{"start":{"line":60,"column":0},"end":{"line":60,"column":50}},"61":{"start":{"line":62,"column":0},"end":{"line":62,"column":23}},"69":{"start":{"line":70,"column":0},"end":{"line":70,"column":24}},"72":{"start":{"line":73,"column":0},"end":{"line":73,"column":193}},"73":{"start":{"line":74,"column":0},"end":{"line":74,"column":9}},"74":{"start":{"line":75,"column":0},"end":{"line":75,"column":21}},"75":{"start":{"line":76,"column":0},"end":{"line":76,"column":12}},"76":{"start":{"line":77,"column":0},"end":{"line":77,"column":38}},"77":{"start":{"line":78,"column":0},"end":{"line":78,"column":55}},"80":{"start":{"line":81,"column":0},"end":{"line":81,"column":60}},"83":{"start":{"line":84,"column":0},"end":{"line":84,"column":35}},"86":{"start":{"line":87,"column":0},"end":{"line":87,"column":33}},"89":{"start":{"line":90,"column":0},"end":{"line":90,"column":37}},"92":{"start":{"line":93,"column":0},"end":{"line":93,"column":86}},"94":{"start":{"line":95,"column":0},"end":{"line":95,"column":19}},"105":{"start":{"line":106,"column":0},"end":{"line":106,"column":26}}},"s":{"0":1,"9":1,"10":1,"11":1,"12":1,"13":1,"15":1,"18":1,"19":1,"23":1,"24":1,"25":1,"27":1,"28":1,"29":1,"33":1,"34":1,"38":1,"39":1,"40":1,"43":1,"44":1,"45":1,"48":1,"49":1,"50":1,"56":1,"59":1,"61":1,"69":1,"72":1,"73":1,"74":1,"75":1,"76":1,"77":1,"80":1,"83":1,"86":1,"89":1,"92":1,"94":1,"105":1},"branchMap":{"0":{"type":"branch","line":40,"loc":{"start":{"line":40,"column":22},"end":{"line":40,"column":42}},"locations":[{"start":{"line":40,"column":22},"end":{"line":40,"column":42}}]},"1":{"type":"branch","line":62,"loc":{"start":{"line":62,"column":6},"end":{"line":62,"column":22}},"locations":[{"start":{"line":62,"column":6},"end":{"line":62,"column":22}}]},"2":{"type":"branch","line":84,"loc":{"start":{"line":84,"column":7},"end":{"line":84,"column":35}},"locations":[{"start":{"line":84,"column":7},"end":{"line":84,"column":35}}]},"3":{"type":"branch","line":87,"loc":{"start":{"line":87,"column":7},"end":{"line":87,"column":33}},"locations":[{"start":{"line":87,"column":7},"end":{"line":87,"column":33}}]},"4":{"type":"branch","line":90,"loc":{"start":{"line":90,"column":7},"end":{"line":90,"column":37}},"locations":[{"start":{"line":90,"column":7},"end":{"line":90,"column":37}}]},"5":{"type":"branch","line":74,"loc":{"start":{"line":74,"column":5},"end":{"line":75,"column":20}},"locations":[{"start":{"line":74,"column":5},"end":{"line":75,"column":20}}]},"6":{"type":"branch","line":76,"loc":{"start":{"line":76,"column":10},"end":{"line":76,"column":12}},"locations":[{"start":{"line":76,"column":10},"end":{"line":76,"column":12}}]},"7":{"type":"branch","line":81,"loc":{"start":{"line":81,"column":40},"end":{"line":81,"column":49}},"locations":[{"start":{"line":81,"column":40},"end":{"line":81,"column":49}}]},"8":{"type":"branch","line":93,"loc":{"start":{"line":93,"column":43},"end":{"line":93,"column":86}},"locations":[{"start":{"line":93,"column":43},"end":{"line":93,"column":86}}]},"9":{"type":"branch","line":77,"loc":{"start":{"line":77,"column":21},"end":{"line":77,"column":38}},"locations":[{"start":{"line":77,"column":21},"end":{"line":77,"column":38}}]},"10":{"type":"branch","line":106,"loc":{"start":{"line":106,"column":7},"end":{"line":106,"column":26}},"locations":[{"start":{"line":106,"column":7},"end":{"line":106,"column":26}}]}},"b":{"0":[2],"1":[9],"2":[8],"3":[8],"4":[8],"5":[0],"6":[0],"7":[0],"8":[1],"9":[1],"10":[9]},"fnMap":{},"f":{}}
,"/Users/julianaleon/Desktop/DropFilesApp/src/lib/components/LoginSignup.svelte": {"path":"/Users/julianaleon/Desktop/DropFilesApp/src/lib/components/LoginSignup.svelte","all":false,"statementMap":{"0":{"start":{"line":1,"column":0},"end":{"line":1,"column":18}},"5":{"start":{"line":6,"column":0},"end":{"line":6,"column":20}},"7":{"start":{"line":8,"column":0},"end":{"line":8,"column":16}},"8":{"start":{"line":9,"column":0},"end":{"line":9,"column":19}},"9":{"start":{"line":10,"column":0},"end":{"line":10,"column":26}},"10":{"start":{"line":11,"column":0},"end":{"line":11,"column":24}},"12":{"start":{"line":13,"column":0},"end":{"line":13,"column":24}},"13":{"start":{"line":14,"column":0},"end":{"line":14,"column":21}},"14":{"start":{"line":15,"column":0},"end":{"line":15,"column":15}},"15":{"start":{"line":16,"column":0},"end":{"line":16,"column":13}},"16":{"start":{"line":17,"column":0},"end":{"line":17,"column":16}},"17":{"start":{"line":18,"column":0},"end":{"line":18,"column":23}},"20":{"start":{"line":21,"column":0},"end":{"line":21,"column":67}},"21":{"start":{"line":22,"column":0},"end":{"line":22,"column":25}},"24":{"start":{"line":25,"column":0},"end":{"line":25,"column":21}},"31":{"start":{"line":32,"column":0},"end":{"line":32,"column":76}},"33":{"start":{"line":34,"column":0},"end":{"line":34,"column":36}},"39":{"start":{"line":40,"column":0},"end":{"line":40,"column":22}},"50":{"start":{"line":51,"column":0},"end":{"line":51,"column":25}},"56":{"start":{"line":57,"column":0},"end":{"line":57,"column":16}},"62":{"start":{"line":63,"column":0},"end":{"line":63,"column":33}},"70":{"start":{"line":71,"column":0},"end":{"line":71,"column":75}},"75":{"start":{"line":76,"column":0},"end":{"line":76,"column":64}},"76":{"start":{"line":77,"column":0},"end":{"line":77,"column":63}}},"s":{"0":1,"5":1,"7":1,"8":1,"9":1,"10":1,"12":1,"13":1,"14":1,"15":1,"16":1,"17":1,"20":1,"21":1,"24":1,"31":1,"33":1,"39":1,"50":1,"56":1,"62":1,"70":1,"75":1,"76":1},"branchMap":{"0":{"type":"branch","line":57,"loc":{"start":{"line":57,"column":8},"end":{"line":57,"column":16}},"locations":[{"start":{"line":57,"column":8},"end":{"line":57,"column":16}}]},"1":{"type":"branch","line":63,"loc":{"start":{"line":63,"column":17},"end":{"line":63,"column":33}},"locations":[{"start":{"line":63,"column":17},"end":{"line":63,"column":33}}]},"2":{"type":"branch","line":71,"loc":{"start":{"line":71,"column":32},"end":{"line":71,"column":61}},"locations":[{"start":{"line":71,"column":32},"end":{"line":71,"column":61}}]},"3":{"type":"branch","line":71,"loc":{"start":{"line":71,"column":39},"end":{"line":71,"column":49}},"locations":[{"start":{"line":71,"column":39},"end":{"line":71,"column":49}}]},"4":{"type":"branch","line":71,"loc":{"start":{"line":71,"column":49},"end":{"line":71,"column":61}},"locations":[{"start":{"line":71,"column":49},"end":{"line":71,"column":61}}]},"5":{"type":"branch","line":32,"loc":{"start":{"line":32,"column":47},"end":{"line":32,"column":58}},"locations":[{"start":{"line":32,"column":47},"end":{"line":32,"column":58}}]},"6":{"type":"branch","line":32,"loc":{"start":{"line":32,"column":58},"end":{"line":32,"column":70}},"locations":[{"start":{"line":32,"column":58},"end":{"line":32,"column":70}}]},"7":{"type":"branch","line":77,"loc":{"start":{"line":77,"column":11},"end":{"line":77,"column":33}},"locations":[{"start":{"line":77,"column":11},"end":{"line":77,"column":33}}]},"8":{"type":"branch","line":77,"loc":{"start":{"line":77,"column":33},"end":{"line":77,"column":62}},"locations":[{"start":{"line":77,"column":33},"end":{"line":77,"column":62}}]},"9":{"type":"branch","line":40,"loc":{"start":{"line":40,"column":16},"end":{"line":40,"column":22}},"locations":[{"start":{"line":40,"column":16},"end":{"line":40,"column":22}}]},"10":{"type":"branch","line":40,"loc":{"start":{"line":40,"column":21},"end":{"line":40,"column":22}},"locations":[{"start":{"line":40,"column":21},"end":{"line":40,"column":22}}]},"11":{"type":"branch","line":51,"loc":{"start":{"line":51,"column":16},"end":{"line":51,"column":25}},"locations":[{"start":{"line":51,"column":16},"end":{"line":51,"column":25}}]},"12":{"type":"branch","line":51,"loc":{"start":{"line":51,"column":24},"end":{"line":51,"column":25}},"locations":[{"start":{"line":51,"column":24},"end":{"line":51,"column":25}}]}},"b":{"0":[4],"1":[1],"2":[4],"3":[3],"4":[1],"5":[3],"6":[1],"7":[3],"8":[1],"9":[4],"10":[1],"11":[4],"12":[1]},"fnMap":{},"f":{}}
,"/Users/julianaleon/Desktop/DropFilesApp/src/lib/components/nav/NavItem.svelte": {"path":"/Users/julianaleon/Desktop/DropFilesApp/src/lib/components/nav/NavItem.svelte","all":false,"statementMap":{"0":{"start":{"line":1,"column":0},"end":{"line":1,"column":18}},"2":{"start":{"line":3,"column":0},"end":{"line":3,"column":29}},"3":{"start":{"line":4,"column":0},"end":{"line":4,"column":23}},"4":{"start":{"line":5,"column":0},"end":{"line":5,"column":22}},"8":{"start":{"line":9,"column":0},"end":{"line":9,"column":94}},"10":{"start":{"line":11,"column":0},"end":{"line":11,"column":38}},"12":{"start":{"line":13,"column":0},"end":{"line":13,"column":9}}},"s":{"0":1,"2":1,"3":1,"4":1,"8":1,"10":1,"12":1},"branchMap":{"0":{"type":"branch","line":13,"loc":{"start":{"line":13,"column":8},"end":{"line":13,"column":9}},"locations":[{"start":{"line":13,"column":8},"end":{"line":13,"column":9}}]}},"b":{"0":[0]},"fnMap":{},"f":{}}
,"/Users/julianaleon/Desktop/DropFilesApp/src/lib/components/nav/Navigation.svelte": {"path":"/Users/julianaleon/Desktop/DropFilesApp/src/lib/components/nav/Navigation.svelte","all":false,"statementMap":{"0":{"start":{"line":1,"column":0},"end":{"line":1,"column":8}},"7":{"start":{"line":8,"column":0},"end":{"line":8,"column":52}},"8":{"start":{"line":9,"column":0},"end":{"line":9,"column":55}},"9":{"start":{"line":10,"column":0},"end":{"line":10,"column":64}},"10":{"start":{"line":11,"column":0},"end":{"line":11,"column":66}}},"s":{"0":1,"7":1,"8":1,"9":1,"10":1},"branchMap":{},"b":{},"fnMap":{},"f":{}}
,"/Users/julianaleon/Desktop/DropFilesApp/src/lib/components/ui/Alert.svelte": {"path":"/Users/julianaleon/Desktop/DropFilesApp/src/lib/components/ui/Alert.svelte","all":false,"statementMap":{"0":{"start":{"line":1,"column":0},"end":{"line":1,"column":18}},"1":{"start":{"line":2,"column":0},"end":{"line":2,"column":33}},"2":{"start":{"line":3,"column":0},"end":{"line":3,"column":50}},"3":{"start":{"line":4,"column":0},"end":{"line":4,"column":39}},"5":{"start":{"line":6,"column":0},"end":{"line":6,"column":29}},"6":{"start":{"line":7,"column":0},"end":{"line":7,"column":27}},"7":{"start":{"line":8,"column":0},"end":{"line":8,"column":51}},"8":{"start":{"line":9,"column":0},"end":{"line":9,"column":46}},"12":{"start":{"line":13,"column":0},"end":{"line":13,"column":15}},"14":{"start":{"line":15,"column":0},"end":{"line":15,"column":102}},"17":{"start":{"line":18,"column":0},"end":{"line":18,"column":45}},"19":{"start":{"line":20,"column":0},"end":{"line":20,"column":49}}},"s":{"0":1,"1":1,"2":1,"3":1,"5":1,"6":1,"7":1,"8":1,"12":1,"14":1,"17":1,"19":1},"branchMap":{"0":{"type":"branch","line":7,"loc":{"start":{"line":7,"column":26},"end":{"line":8,"column":50}},"locations":[{"start":{"line":7,"column":26},"end":{"line":8,"column":50}}]},"1":{"type":"branch","line":8,"loc":{"start":{"line":8,"column":50},"end":{"line":9,"column":45}},"locations":[{"start":{"line":8,"column":50},"end":{"line":9,"column":45}}]},"2":{"type":"branch","line":15,"loc":{"start":{"line":15,"column":83},"end":{"line":15,"column":102}},"locations":[{"start":{"line":15,"column":83},"end":{"line":15,"column":102}}]},"3":{"type":"branch","line":15,"loc":{"start":{"line":15,"column":98},"end":{"line":15,"column":102}},"locations":[{"start":{"line":15,"column":98},"end":{"line":15,"column":102}}]},"4":{"type":"branch","line":18,"loc":{"start":{"line":18,"column":22},"end":{"line":18,"column":34}},"locations":[{"start":{"line":18,"column":22},"end":{"line":18,"column":34}}]},"5":{"type":"branch","line":18,"loc":{"start":{"line":18,"column":34},"end":{"line":18,"column":44}},"locations":[{"start":{"line":18,"column":34},"end":{"line":18,"column":44}}]}},"b":{"0":[2],"1":[1],"2":[3],"3":[0],"4":[2],"5":[1]},"fnMap":{},"f":{}}
,"/Users/julianaleon/Desktop/DropFilesApp/src/lib/components/ui/Button.svelte": {"path":"/Users/julianaleon/Desktop/DropFilesApp/src/lib/components/ui/Button.svelte","all":false,"statementMap":{"0":{"start":{"line":1,"column":0},"end":{"line":1,"column":18}},"1":{"start":{"line":2,"column":0},"end":{"line":2,"column":78}},"2":{"start":{"line":3,"column":0},"end":{"line":3,"column":31}},"3":{"start":{"line":4,"column":0},"end":{"line":4,"column":39}},"4":{"start":{"line":5,"column":0},"end":{"line":5,"column":65}},"8":{"start":{"line":9,"column":0},"end":{"line":9,"column":103}},"9":{"start":{"line":10,"column":0},"end":{"line":10,"column":12}},"10":{"start":{"line":11,"column":0},"end":{"line":11,"column":8}},"12":{"start":{"line":13,"column":0},"end":{"line":13,"column":19}},"14":{"start":{"line":15,"column":0},"end":{"line":15,"column":8}}},"s":{"0":1,"1":1,"2":1,"3":1,"4":1,"8":1,"9":1,"10":1,"12":1,"14":1},"branchMap":{"0":{"type":"branch","line":9,"loc":{"start":{"line":9,"column":94},"end":{"line":10,"column":11}},"locations":[{"start":{"line":9,"column":94},"end":{"line":10,"column":11}}]},"1":{"type":"branch","line":10,"loc":{"start":{"line":10,"column":11},"end":{"line":11,"column":6}},"locations":[{"start":{"line":10,"column":11},"end":{"line":11,"column":6}}]},"2":{"type":"branch","line":11,"loc":{"start":{"line":11,"column":6},"end":{"line":11,"column":8}},"locations":[{"start":{"line":11,"column":6},"end":{"line":11,"column":8}}]}},"b":{"0":[5],"1":[6],"2":[0]},"fnMap":{},"f":{}}
,"/Users/julianaleon/Desktop/DropFilesApp/src/lib/components/ui/DragDrop.svelte": {"path":"/Users/julianaleon/Desktop/DropFilesApp/src/lib/components/ui/DragDrop.svelte","all":false,"statementMap":{"0":{"start":{"line":1,"column":0},"end":{"line":1,"column":18}},"4":{"start":{"line":5,"column":0},"end":{"line":5,"column":89}},"5":{"start":{"line":6,"column":0},"end":{"line":6,"column":42}},"8":{"start":{"line":9,"column":0},"end":{"line":9,"column":44}},"9":{"start":{"line":10,"column":0},"end":{"line":10,"column":25}},"10":{"start":{"line":11,"column":0},"end":{"line":11,"column":49}},"11":{"start":{"line":12,"column":0},"end":{"line":12,"column":21}},"12":{"start":{"line":13,"column":0},"end":{"line":13,"column":73}},"13":{"start":{"line":14,"column":0},"end":{"line":14,"column":20}},"14":{"start":{"line":15,"column":0},"end":{"line":15,"column":20}},"15":{"start":{"line":16,"column":0},"end":{"line":16,"column":35}},"18":{"start":{"line":19,"column":0},"end":{"line":19,"column":80}},"20":{"start":{"line":21,"column":0},"end":{"line":21,"column":44}},"24":{"start":{"line":25,"column":0},"end":{"line":25,"column":44}},"25":{"start":{"line":26,"column":0},"end":{"line":26,"column":25}},"29":{"start":{"line":30,"column":0},"end":{"line":30,"column":45}},"30":{"start":{"line":31,"column":0},"end":{"line":31,"column":25}},"31":{"start":{"line":32,"column":0},"end":{"line":32,"column":20}},"34":{"start":{"line":35,"column":0},"end":{"line":35,"column":45}},"35":{"start":{"line":36,"column":0},"end":{"line":36,"column":25}},"36":{"start":{"line":37,"column":0},"end":{"line":37,"column":21}},"43":{"start":{"line":44,"column":0},"end":{"line":44,"column":160}},"44":{"start":{"line":45,"column":0},"end":{"line":45,"column":17}},"45":{"start":{"line":46,"column":0},"end":{"line":46,"column":16}},"47":{"start":{"line":48,"column":0},"end":{"line":48,"column":29}},"48":{"start":{"line":49,"column":0},"end":{"line":49,"column":25}},"49":{"start":{"line":50,"column":0},"end":{"line":50,"column":31}},"50":{"start":{"line":51,"column":0},"end":{"line":51,"column":31}}},"s":{"0":1,"4":1,"5":1,"8":1,"9":1,"10":1,"11":1,"12":1,"13":1,"14":1,"15":1,"18":1,"20":1,"24":1,"25":1,"29":1,"30":1,"31":1,"34":1,"35":1,"36":1,"43":1,"44":8,"45":8,"47":1,"48":1,"49":1,"50":1},"branchMap":{"0":{"type":"branch","line":44,"loc":{"start":{"line":44,"column":150},"end":{"line":46,"column":16}},"locations":[{"start":{"line":44,"column":150},"end":{"line":46,"column":16}}]},"1":{"type":"branch","line":44,"loc":{"start":{"line":44,"column":150},"end":{"line":45,"column":16}},"locations":[{"start":{"line":44,"column":150},"end":{"line":45,"column":16}}]},"2":{"type":"branch","line":45,"loc":{"start":{"line":45,"column":16},"end":{"line":46,"column":14}},"locations":[{"start":{"line":45,"column":16},"end":{"line":46,"column":14}}]},"3":{"type":"branch","line":46,"loc":{"start":{"line":46,"column":14},"end":{"line":46,"column":16}},"locations":[{"start":{"line":46,"column":14},"end":{"line":46,"column":16}}]}},"b":{"0":[8],"1":[1],"2":[7],"3":[0]},"fnMap":{},"f":{}}
,"/Users/julianaleon/Desktop/DropFilesApp/src/lib/components/ui/Header.svelte": {"path":"/Users/julianaleon/Desktop/DropFilesApp/src/lib/components/ui/Header.svelte","all":false,"statementMap":{"0":{"start":{"line":1,"column":0},"end":{"line":1,"column":18}},"3":{"start":{"line":4,"column":0},"end":{"line":4,"column":89}},"13":{"start":{"line":14,"column":0},"end":{"line":14,"column":23}}},"s":{"0":1,"3":1,"13":1},"branchMap":{"0":{"type":"branch","line":14,"loc":{"start":{"line":14,"column":5},"end":{"line":14,"column":23}},"locations":[{"start":{"line":14,"column":5},"end":{"line":14,"column":23}}]}},"b":{"0":[3]},"fnMap":{},"f":{}}
,"/Users/julianaleon/Desktop/DropFilesApp/src/lib/components/ui/Logo.svelte": {"path":"/Users/julianaleon/Desktop/DropFilesApp/src/lib/components/ui/Logo.svelte","all":false,"statementMap":{"0":{"start":{"line":1,"column":0},"end":{"line":1,"column":8}},"5":{"start":{"line":6,"column":0},"end":{"line":6,"column":53}}},"s":{"0":1,"5":1},"branchMap":{},"b":{},"fnMap":{},"f":{}}
,"/Users/julianaleon/Desktop/DropFilesApp/src/lib/components/ui/Search.svelte": {"path":"/Users/julianaleon/Desktop/DropFilesApp/src/lib/components/ui/Search.svelte","all":false,"statementMap":{"0":{"start":{"line":1,"column":0},"end":{"line":1,"column":18}},"3":{"start":{"line":4,"column":0},"end":{"line":4,"column":42}},"4":{"start":{"line":5,"column":0},"end":{"line":5,"column":45}},"7":{"start":{"line":8,"column":0},"end":{"line":8,"column":43}},"8":{"start":{"line":9,"column":0},"end":{"line":9,"column":56}},"9":{"start":{"line":10,"column":0},"end":{"line":10,"column":33}},"13":{"start":{"line":14,"column":0},"end":{"line":14,"column":25}},"14":{"start":{"line":15,"column":0},"end":{"line":15,"column":18}},"15":{"start":{"line":16,"column":0},"end":{"line":16,"column":33}},"24":{"start":{"line":25,"column":0},"end":{"line":25,"column":25}},"25":{"start":{"line":26,"column":0},"end":{"line":26,"column":30}},"29":{"start":{"line":30,"column":0},"end":{"line":30,"column":25}},"33":{"start":{"line":34,"column":0},"end":{"line":34,"column":26}},"36":{"start":{"line":37,"column":0},"end":{"line":37,"column":92}},"40":{"start":{"line":41,"column":0},"end":{"line":41,"column":25}},"42":{"start":{"line":43,"column":0},"end":{"line":43,"column":25}}},"s":{"0":1,"3":1,"4":1,"7":1,"8":1,"9":1,"13":1,"14":1,"15":1,"24":1,"25":1,"29":1,"33":1,"36":1,"40":1,"42":1},"branchMap":{"0":{"type":"branch","line":30,"loc":{"start":{"line":30,"column":7},"end":{"line":30,"column":25}},"locations":[{"start":{"line":30,"column":7},"end":{"line":30,"column":25}}]},"1":{"type":"branch","line":41,"loc":{"start":{"line":41,"column":7},"end":{"line":41,"column":25}},"locations":[{"start":{"line":41,"column":7},"end":{"line":41,"column":25}}]},"2":{"type":"branch","line":25,"loc":{"start":{"line":25,"column":14},"end":{"line":25,"column":25}},"locations":[{"start":{"line":25,"column":14},"end":{"line":25,"column":25}}]},"3":{"type":"branch","line":25,"loc":{"start":{"line":25,"column":24},"end":{"line":25,"column":25}},"locations":[{"start":{"line":25,"column":24},"end":{"line":25,"column":25}}]}},"b":{"0":[9],"1":[9],"2":[9],"3":[3]},"fnMap":{"0":{"name":"Search.__vite_ssr_import_1__.if.__vite_ssr_import_2__.Icon.src","decl":{"start":{"line":41,"column":7},"end":{"line":41,"column":25}},"loc":{"start":{"line":41,"column":7},"end":{"line":41,"column":25}},"line":41}},"f":{"0":9}}
,"/Users/julianaleon/Desktop/DropFilesApp/src/lib/utils/helpers.ts": {"path":"/Users/julianaleon/Desktop/DropFilesApp/src/lib/utils/helpers.ts","all":false,"statementMap":{"1":{"start":{"line":2,"column":0},"end":{"line":2,"column":54}},"2":{"start":{"line":3,"column":0},"end":{"line":3,"column":72}},"3":{"start":{"line":4,"column":0},"end":{"line":4,"column":49}},"4":{"start":{"line":5,"column":0},"end":{"line":5,"column":88}},"5":{"start":{"line":6,"column":0},"end":{"line":6,"column":1}},"8":{"start":{"line":9,"column":0},"end":{"line":9,"column":50}},"9":{"start":{"line":10,"column":0},"end":{"line":10,"column":52}},"10":{"start":{"line":11,"column":0},"end":{"line":11,"column":18}},"11":{"start":{"line":12,"column":0},"end":{"line":12,"column":16}},"12":{"start":{"line":13,"column":0},"end":{"line":13,"column":16}},"13":{"start":{"line":14,"column":0},"end":{"line":14,"column":4}},"14":{"start":{"line":15,"column":0},"end":{"line":15,"column":1}},"16":{"start":{"line":17,"column":0},"end":{"line":17,"column":80}},"17":{"start":{"line":18,"column":0},"end":{"line":18,"column":24}},"18":{"start":{"line":19,"column":0},"end":{"line":19,"column":31}},"19":{"start":{"line":20,"column":0},"end":{"line":20,"column":63}},"20":{"start":{"line":21,"column":0},"end":{"line":21,"column":2}},"21":{"start":{"line":22,"column":0},"end":{"line":22,"column":13}},"22":{"start":{"line":23,"column":0},"end":{"line":23,"column":1}}},"s":{"1":1,"2":14,"3":14,"4":14,"5":14,"8":1,"9":9,"10":9,"11":9,"12":9,"13":9,"14":9,"16":1,"17":11,"18":11,"19":2,"20":2,"21":9,"22":9},"branchMap":{"0":{"type":"branch","line":2,"loc":{"start":{"line":2,"column":7},"end":{"line":6,"column":1}},"locations":[{"start":{"line":2,"column":7},"end":{"line":6,"column":1}}]},"1":{"type":"branch","line":3,"loc":{"start":{"line":3,"column":20},"end":{"line":3,"column":28}},"locations":[{"start":{"line":3,"column":20},"end":{"line":3,"column":28}}]},"2":{"type":"branch","line":3,"loc":{"start":{"line":3,"column":24},"end":{"line":3,"column":72}},"locations":[{"start":{"line":3,"column":24},"end":{"line":3,"column":72}}]},"3":{"type":"branch","line":5,"loc":{"start":{"line":5,"column":17},"end":{"line":5,"column":34}},"locations":[{"start":{"line":5,"column":17},"end":{"line":5,"column":34}}]},"4":{"type":"branch","line":5,"loc":{"start":{"line":5,"column":21},"end":{"line":5,"column":88}},"locations":[{"start":{"line":5,"column":21},"end":{"line":5,"column":88}}]},"5":{"type":"branch","line":9,"loc":{"start":{"line":9,"column":7},"end":{"line":15,"column":1}},"locations":[{"start":{"line":9,"column":7},"end":{"line":15,"column":1}}]},"6":{"type":"branch","line":17,"loc":{"start":{"line":17,"column":7},"end":{"line":23,"column":1}},"locations":[{"start":{"line":17,"column":7},"end":{"line":23,"column":1}}]},"7":{"type":"branch","line":19,"loc":{"start":{"line":19,"column":30},"end":{"line":21,"column":2}},"locations":[{"start":{"line":19,"column":30},"end":{"line":21,"column":2}}]},"8":{"type":"branch","line":21,"loc":{"start":{"line":21,"column":1},"end":{"line":23,"column":1}},"locations":[{"start":{"line":21,"column":1},"end":{"line":23,"column":1}}]}},"b":{"0":[14],"1":[1],"2":[13],"3":[1],"4":[13],"5":[9],"6":[11],"7":[2],"8":[9]},"fnMap":{"0":{"name":"formatFileSize","decl":{"start":{"line":2,"column":7},"end":{"line":6,"column":1}},"loc":{"start":{"line":2,"column":7},"end":{"line":6,"column":1}},"line":2},"1":{"name":"formatDate","decl":{"start":{"line":9,"column":7},"end":{"line":15,"column":1}},"loc":{"start":{"line":9,"column":7},"end":{"line":15,"column":1}},"line":9},"2":{"name":"truncateFileName","decl":{"start":{"line":17,"column":7},"end":{"line":23,"column":1}},"loc":{"start":{"line":17,"column":7},"end":{"line":23,"column":1}},"line":17}},"f":{"0":14,"1":9,"2":11}}
,"/Users/julianaleon/Desktop/DropFilesApp/src/lib/utils/types.ts": {"path":"/Users/julianaleon/Desktop/DropFilesApp/src/lib/utils/types.ts","all":true,"statementMap":{},"s":{},"branchMap":{"0":{"type":"branch","line":1,"loc":{"start":{"line":1,"column":80},"end":{"line":5,"column":2}},"locations":[{"start":{"line":1,"column":80},"end":{"line":5,"column":2}}]}},"b":{"0":[1]},"fnMap":{"0":{"name":"(empty-report)","decl":{"start":{"line":1,"column":80},"end":{"line":5,"column":2}},"loc":{"start":{"line":1,"column":80},"end":{"line":5,"column":2}},"line":1}},"f":{"0":1}}
,"/Users/julianaleon/Desktop/DropFilesApp/src/routes/+layout.svelte": {"path":"/Users/julianaleon/Desktop/DropFilesApp/src/routes/+layout.svelte","all":true,"statementMap":{"0":{"start":{"line":1,"column":0},"end":{"line":1,"column":18}}},"s":{"0":0},"branchMap":{"0":{"type":"branch","line":1,"loc":{"start":{"line":1,"column":0},"end":{"line":6,"column":-64}},"locations":[{"start":{"line":1,"column":0},"end":{"line":6,"column":-64}}]}},"b":{"0":[0]},"fnMap":{"0":{"name":"(empty-report)","decl":{"start":{"line":1,"column":0},"end":{"line":6,"column":-64}},"loc":{"start":{"line":1,"column":0},"end":{"line":6,"column":-64}},"line":1}},"f":{"0":0}}
,"/Users/julianaleon/Desktop/DropFilesApp/src/routes/+page.svelte": {"path":"/Users/julianaleon/Desktop/DropFilesApp/src/routes/+page.svelte","all":true,"statementMap":{"0":{"start":{"line":1,"column":0},"end":{"line":1,"column":18}}},"s":{"0":0},"branchMap":{"0":{"type":"branch","line":1,"loc":{"start":{"line":1,"column":152},"end":{"line":7,"column":7}},"locations":[{"start":{"line":1,"column":152},"end":{"line":7,"column":7}}]}},"b":{"0":[0]},"fnMap":{"0":{"name":"(empty-report)","decl":{"start":{"line":1,"column":152},"end":{"line":7,"column":7}},"loc":{"start":{"line":1,"column":152},"end":{"line":7,"column":7}},"line":1}},"f":{"0":0}}
,"/Users/julianaleon/Desktop/DropFilesApp/src/routes/dashboard/+page.svelte": {"path":"/Users/julianaleon/Desktop/DropFilesApp/src/routes/dashboard/+page.svelte","all":false,"statementMap":{"0":{"start":{"line":1,"column":0},"end":{"line":1,"column":18}},"8":{"start":{"line":9,"column":0},"end":{"line":9,"column":63}},"9":{"start":{"line":10,"column":0},"end":{"line":10,"column":56}},"10":{"start":{"line":11,"column":0},"end":{"line":11,"column":46}},"11":{"start":{"line":12,"column":0},"end":{"line":12,"column":75}},"14":{"start":{"line":15,"column":0},"end":{"line":15,"column":42}},"15":{"start":{"line":16,"column":0},"end":{"line":16,"column":49}},"16":{"start":{"line":17,"column":0},"end":{"line":17,"column":54}},"17":{"start":{"line":18,"column":0},"end":{"line":18,"column":39}},"18":{"start":{"line":19,"column":0},"end":{"line":19,"column":58}},"22":{"start":{"line":23,"column":0},"end":{"line":23,"column":61}},"23":{"start":{"line":24,"column":0},"end":{"line":24,"column":38}},"24":{"start":{"line":25,"column":0},"end":{"line":25,"column":58}},"28":{"start":{"line":29,"column":0},"end":{"line":29,"column":30}},"29":{"start":{"line":30,"column":0},"end":{"line":30,"column":49}},"32":{"start":{"line":33,"column":0},"end":{"line":33,"column":51}},"33":{"start":{"line":34,"column":0},"end":{"line":34,"column":28}},"34":{"start":{"line":35,"column":0},"end":{"line":35,"column":16}},"38":{"start":{"line":39,"column":0},"end":{"line":39,"column":25}},"39":{"start":{"line":40,"column":0},"end":{"line":40,"column":40}},"40":{"start":{"line":41,"column":0},"end":{"line":41,"column":61}},"54":{"start":{"line":55,"column":0},"end":{"line":55,"column":38}},"58":{"start":{"line":59,"column":0},"end":{"line":59,"column":79}},"65":{"start":{"line":66,"column":0},"end":{"line":66,"column":33}},"70":{"start":{"line":71,"column":0},"end":{"line":71,"column":74}}},"s":{"0":1,"8":1,"9":1,"10":1,"11":1,"14":1,"15":1,"16":1,"17":1,"18":1,"22":1,"23":1,"24":1,"28":1,"29":1,"32":1,"33":1,"34":1,"38":1,"39":1,"40":3,"54":1,"58":1,"65":1,"70":1},"branchMap":{"0":{"type":"branch","line":17,"loc":{"start":{"line":17,"column":46},"end":{"line":17,"column":54}},"locations":[{"start":{"line":17,"column":46},"end":{"line":17,"column":54}}]},"1":{"type":"branch","line":40,"loc":{"start":{"line":40,"column":30},"end":{"line":41,"column":61}},"locations":[{"start":{"line":40,"column":30},"end":{"line":41,"column":61}}]}},"b":{"0":[0],"1":[3]},"fnMap":{},"f":{}}
}
